# JRE version: OpenJDK Runtime Environment (21.0.7) (build 21.0.7+-13880790-b1038.58)
# Java VM: OpenJDK 64-Bit Server VM (21.0.7+-13880790-b1038.58, mixed mode, tiered, compressed oops, compressed class ptrs, g1 gc, windows-amd64)
GC Precious Log:
 CardTable entry size: 512
 Card Set container configuration: InlinePtr #cards 5 size 8 Array Of Cards #cards 12 size 40 Howl #buckets 4 coarsen threshold 1843 Howl Bitmap #cards 512 size 80 coarsen threshold 460 Card regions per heap region 1 cards per card region 2048
 CPUs: 12 total, 12 available
 Memory: 14229M
 Large Page Support: Disabled
 NUMA Support: Disabled
 Compressed Oops: Enabled (32-bit)
 Heap Region Size: 1M
 Heap Min Capacity: 8M
 Heap Initial Capacity: 224M
 Heap Max Capacity: 2G
 Pre-touch: Disabled
 Parallel Workers: 10
 Concurrent Workers: 3
 Concurrent Refinement Workers: 10
 Periodic GC: Disabled
Heap:
 garbage-first heap   total 108544K, used 72180K [0x0000000080000000, 0x0000000100000000)
  region size 1024K, 25 young (25600K), 4 survivors (4096K)
 Metaspace       used 72247K, committed 73984K, reserved 1114112K
  class space    used 9988K, committed 10816K, reserved 1048576K
GC Heap History (20 events):
Event: 4.460 GC heap before
{Heap before GC invocations=7 (full 0):
 garbage-first heap   total 86016K, used 28182K [0x0000000080000000, 0x0000000100000000)
  region size 1024K, 9 young (9216K), 6 survivors (6144K)
 Metaspace       used 35195K, committed 35968K, reserved 1114112K
  class space    used 4790K, committed 5184K, reserved 1048576K
}
Event: 4.463 GC heap after
{Heap after GC invocations=8 (full 0):
 garbage-first heap   total 86016K, used 26190K [0x0000000080000000, 0x0000000100000000)
  region size 1024K, 3 young (3072K), 3 survivors (3072K)
 Metaspace       used 35195K, committed 35968K, reserved 1114112K
  class space    used 4790K, committed 5184K, reserved 1048576K
}
Event: 5.107 GC heap before
{Heap before GC invocations=9 (full 0):
 garbage-first heap   total 86016K, used 72270K [0x0000000080000000, 0x0000000100000000)
  region size 1024K, 49 young (50176K), 3 survivors (3072K)
 Metaspace       used 43776K, committed 44672K, reserved 1114112K
  class space    used 5874K, committed 6272K, reserved 1048576K
}
Event: 5.111 GC heap after
{Heap after GC invocations=10 (full 0):
 garbage-first heap   total 86016K, used 31192K [0x0000000080000000, 0x0000000100000000)
  region size 1024K, 7 young (7168K), 7 survivors (7168K)
 Metaspace       used 43776K, committed 44672K, reserved 1114112K
  class space    used 5874K, committed 6272K, reserved 1048576K
}
Event: 5.518 GC heap before
{Heap before GC invocations=10 (full 0):
 garbage-first heap   total 86016K, used 77272K [0x0000000080000000, 0x0000000100000000)
  region size 1024K, 48 young (49152K), 7 survivors (7168K)
 Metaspace       used 47492K, committed 48512K, reserved 1114112K
  class space    used 6322K, committed 6784K, reserved 1048576K
}
Event: 5.523 GC heap after
{Heap after GC invocations=11 (full 0):
 garbage-first heap   total 90112K, used 34505K [0x0000000080000000, 0x0000000100000000)
  region size 1024K, 4 young (4096K), 4 survivors (4096K)
 Metaspace       used 47492K, committed 48512K, reserved 1114112K
  class space    used 6322K, committed 6784K, reserved 1048576K
}
Event: 5.977 GC heap before
{Heap before GC invocations=11 (full 0):
 garbage-first heap   total 90112K, used 77513K [0x0000000080000000, 0x0000000100000000)
  region size 1024K, 46 young (47104K), 4 survivors (4096K)
 Metaspace       used 52741K, committed 54208K, reserved 1114112K
  class space    used 7204K, committed 7936K, reserved 1048576K
}
Event: 5.980 GC heap after
{Heap after GC invocations=12 (full 0):
 garbage-first heap   total 90112K, used 37260K [0x0000000080000000, 0x0000000100000000)
  region size 1024K, 3 young (3072K), 3 survivors (3072K)
 Metaspace       used 52741K, committed 54208K, reserved 1114112K
  class space    used 7204K, committed 7936K, reserved 1048576K
}
Event: 6.574 GC heap before
{Heap before GC invocations=12 (full 0):
 garbage-first heap   total 90112K, used 79244K [0x0000000080000000, 0x0000000100000000)
  region size 1024K, 43 young (44032K), 3 survivors (3072K)
 Metaspace       used 57508K, committed 59008K, reserved 1114112K
  class space    used 7843K, committed 8576K, reserved 1048576K
}
Event: 6.578 GC heap after
{Heap after GC invocations=13 (full 0):
 garbage-first heap   total 90112K, used 41847K [0x0000000080000000, 0x0000000100000000)
  region size 1024K, 6 young (6144K), 6 survivors (6144K)
 Metaspace       used 57508K, committed 59008K, reserved 1114112K
  class space    used 7843K, committed 8576K, reserved 1048576K
}
Event: 6.783 GC heap before
{Heap before GC invocations=13 (full 0):
 garbage-first heap   total 90112K, used 73591K [0x0000000080000000, 0x0000000100000000)
  region size 1024K, 38 young (38912K), 6 survivors (6144K)
 Metaspace       used 58573K, committed 60096K, reserved 1114112K
  class space    used 8019K, committed 8768K, reserved 1048576K
}
Event: 6.787 GC heap after
{Heap after GC invocations=14 (full 0):
 garbage-first heap   total 90112K, used 43392K [0x0000000080000000, 0x0000000100000000)
  region size 1024K, 2 young (2048K), 2 survivors (2048K)
 Metaspace       used 58573K, committed 60096K, reserved 1114112K
  class space    used 8019K, committed 8768K, reserved 1048576K
}
Event: 7.229 GC heap before
{Heap before GC invocations=15 (full 0):
 garbage-first heap   total 90112K, used 79232K [0x0000000080000000, 0x0000000100000000)
  region size 1024K, 37 young (37888K), 2 survivors (2048K)
 Metaspace       used 63556K, committed 65088K, reserved 1114112K
  class space    used 8724K, committed 9472K, reserved 1048576K
}
Event: 7.232 GC heap after
{Heap after GC invocations=16 (full 0):
 garbage-first heap   total 108544K, used 44531K [0x0000000080000000, 0x0000000100000000)
  region size 1024K, 3 young (3072K), 3 survivors (3072K)
 Metaspace       used 63556K, committed 65088K, reserved 1114112K
  class space    used 8724K, committed 9472K, reserved 1048576K
}
Event: 7.900 GC heap before
{Heap before GC invocations=16 (full 0):
 garbage-first heap   total 108544K, used 96755K [0x0000000080000000, 0x0000000100000000)
  region size 1024K, 54 young (55296K), 3 survivors (3072K)
 Metaspace       used 70204K, committed 71936K, reserved 1114112K
  class space    used 9796K, committed 10624K, reserved 1048576K
}
Event: 7.904 GC heap after
{Heap after GC invocations=17 (full 0):
 garbage-first heap   total 108544K, used 46756K [0x0000000080000000, 0x0000000100000000)
  region size 1024K, 7 young (7168K), 7 survivors (7168K)
 Metaspace       used 70204K, committed 71936K, reserved 1114112K
  class space    used 9796K, committed 10624K, reserved 1048576K
}
Event: 8.486 GC heap before
{Heap before GC invocations=17 (full 0):
 garbage-first heap   total 108544K, used 92836K [0x0000000080000000, 0x0000000100000000)
  region size 1024K, 53 young (54272K), 7 survivors (7168K)
 Metaspace       used 71928K, committed 73664K, reserved 1114112K
  class space    used 9980K, committed 10816K, reserved 1048576K
}
Event: 8.490 GC heap after
{Heap after GC invocations=18 (full 0):
 garbage-first heap   total 108544K, used 50205K [0x0000000080000000, 0x0000000100000000)
  region size 1024K, 7 young (7168K), 7 survivors (7168K)
 Metaspace       used 71928K, committed 73664K, reserved 1114112K
  class space    used 9980K, committed 10816K, reserved 1048576K
}
Event: 10.667 GC heap before
{Heap before GC invocations=18 (full 0):
 garbage-first heap   total 108544K, used 93213K [0x0000000080000000, 0x0000000100000000)
  region size 1024K, 50 young (51200K), 7 survivors (7168K)
 Metaspace       used 72157K, committed 73920K, reserved 1114112K
  class space    used 9980K, committed 10816K, reserved 1048576K
}
Event: 10.671 GC heap after
{Heap after GC invocations=19 (full 0):
 garbage-first heap   total 108544K, used 52724K [0x0000000080000000, 0x0000000100000000)
  region size 1024K, 4 young (4096K), 4 survivors (4096K)
 Metaspace       used 72157K, committed 73920K, reserved 1114112K
  class space    used 9980K, committed 10816K, reserved 1048576K
}

